{
  "RSpec": {
    "coverage": {
      "/home/neolab/project/test_login/app/controllers/orders_controller.rb": [
        1,
        1,
        1,
        0,
        null,
        null,
        1,
        null,
        null,
        1,
        1,
        0,
        null,
        null
      ],
      "/home/neolab/project/test_login/spec/controllers/transactions_controller_spec.rb": [
        1,
        null,
        1,
        null,
        1,
        3,
        null,
        1,
        1,
        1,
        1,
        1,
        1,
        1,
        null,
        null,
        null,
        1,
        3,
        3,
        3,
        null,
        1,
        3,
        null,
        null,
        1,
        1,
        1,
        1,
        1,
        null,
        1,
        1,
        null,
        null,
        null,
        1,
        1,
        1,
        1,
        null,
        null,
        null,
        null
      ],
      "/home/neolab/project/test_login/app/controllers/transactions_controller.rb": [
        1,
        1,
        1,
        1,
        1,
        null,
        null,
        1,
        3,
        3,
        2,
        2,
        2,
        0,
        0,
        0,
        0,
        0,
        0,
        null,
        2,
        2,
        2,
        null,
        1,
        null,
        null,
        null,
        1,
        null,
        1,
        3,
        0,
        null,
        3,
        null,
        null,
        null,
        1,
        3,
        null,
        null
      ],
      "/home/neolab/project/test_login/spec/helpers/orders_helper_spec.rb": [
        1,
        null,
        null,
        null,
        null,
        null,
        null,
        null,
        null,
        null,
        null,
        null,
        1,
        1,
        null
      ],
      "/home/neolab/project/test_login/spec/helpers/transactions_helper_spec.rb": [
        1,
        null,
        null,
        null,
        null,
        null,
        null,
        null,
        null,
        null,
        null,
        null,
        1,
        1,
        null
      ],
      "/home/neolab/project/test_login/spec/models/bigcategory_spec.rb": [
        1,
        null,
        1,
        null,
        1,
        2,
        null,
        null,
        1,
        2,
        null,
        null
      ],
      "/home/neolab/project/test_login/spec/models/category_spec.rb": [
        1,
        null,
        1,
        null,
        1,
        2,
        null,
        null,
        1,
        2,
        2,
        null,
        null
      ],
      "/home/neolab/project/test_login/spec/models/order_spec.rb": [
        1,
        null,
        1,
        1,
        null
      ],
      "/home/neolab/project/test_login/spec/models/transaction_spec.rb": [
        1,
        null,
        1,
        null,
        1,
        1,
        2,
        2,
        2,
        null,
        1,
        1,
        null,
        null,
        null,
        1,
        2,
        2,
        2,
        null,
        1,
        1,
        null,
        null,
        null,
        null,
        1,
        2,
        2,
        null,
        null,
        1,
        2,
        2,
        2,
        2,
        null,
        null
      ],
      "/home/neolab/project/test_login/app/models/cart_item.rb": [
        1,
        1,
        1,
        null,
        1,
        null,
        1,
        0,
        null,
        null
      ]
    },
    "timestamp": 1490947005
  }
}
